2026-05-16 09:34:12,170 - INFO - Connected to COM5 @ 9600
2026-05-16 09:34:15,929 - INFO - Logging started: C:\Users\graha\Desktop\DoNotDelete\GitHub\SarcnetMiniSatelliteTrackerMK1\Core\SarcnetMiniSatelliteTrackerMK1\SourceCode\Code_Authers\Custom_ProjectSourceCode\Nathan-Busse\DevTools\Tools\MagneticDeclinationCalculator\logs\rotator7_raw_20260516_093415.csv
2026-05-16 09:34:20,362 - DEBUG - Sent: b
2026-05-16 09:35:33,059 - DEBUG - Sent: p
2026-05-16 09:35:58,713 - DEBUG - Sent: T0
2026-05-16 09:36:02,444 - DEBUG - Sent: T1
2026-05-16 09:36:09,095 - DEBUG - Sent: a
2026-05-16 09:36:10,750 - DEBUG - Sent: a
2026-05-16 09:36:12,413 - DEBUG - Sent: R
2026-05-16 09:36:15,745 - DEBUG - Sent: R
2026-05-16 09:36:17,086 - DEBUG - Sent: R
2026-05-16 09:36:24,127 - DEBUG - Sent: R
2026-05-16 09:36:36,975 - DEBUG - Sent: T0
2026-05-16 09:36:44,520 - DEBUG - Sent: R
2026-05-16 09:36:47,083 - DEBUG - Sent: a
2026-05-16 09:37:33,944 - DEBUG - Sent: m
2026-05-16 09:38:25,611 - DEBUG - Sent: p
2026-05-16 09:38:30,734 - WARNING - Serial connection lost
2026-05-16 09:40:27,810 - INFO - Connected to COM5 @ 9600
2026-05-16 09:40:35,042 - INFO - Disconnected
2026-05-16 09:40:35,517 - WARNING - Serial connection lost
2026-05-16 09:40:37,344 - INFO - Connected to COM5 @ 9600
2026-05-16 09:40:43,625 - DEBUG - Sent: m
2026-05-16 09:44:55,741 - WARNING - Serial connection lost
2026-05-16 12:26:08,601 - INFO - Logging stopped: C:\Users\graha\Desktop\DoNotDelete\GitHub\SarcnetMiniSatelliteTrackerMK1\Core\SarcnetMiniSatelliteTrackerMK1\SourceCode\Code_Authers\Custom_ProjectSourceCode\Nathan-Busse\DevTools\Tools\MagneticDeclinationCalculator\logs\rotator7_raw_20260516_093415.csv
2026-05-16 12:26:38,702 - INFO - Logging started: C:\Users\graha\Desktop\DoNotDelete\GitHub\SarcnetMiniSatelliteTrackerMK1\Core\SarcnetMiniSatelliteTrackerMK1\SourceCode\Code_Authers\Custom_ProjectSourceCode\Nathan-Busse\DevTools\Tools\MagneticDeclinationCalculator\logs\rotator7_raw_20260516_122638.csv
2026-05-16 12:27:16,709 - INFO - Logging stopped: C:\Users\graha\Desktop\DoNotDelete\GitHub\SarcnetMiniSatelliteTrackerMK1\Core\SarcnetMiniSatelliteTrackerMK1\SourceCode\Code_Authers\Custom_ProjectSourceCode\Nathan-Busse\DevTools\Tools\MagneticDeclinationCalculator\logs\rotator7_raw_20260516_122638.csv
2026-05-16 12:27:18,295 - INFO - Logging started: C:\Users\graha\Desktop\DoNotDelete\GitHub\SarcnetMiniSatelliteTrackerMK1\Core\SarcnetMiniSatelliteTrackerMK1\SourceCode\Code_Authers\Custom_ProjectSourceCode\Nathan-Busse\DevTools\Tools\MagneticDeclinationCalculator\logs\rotator7_raw_20260516_122718.csv
2026-05-16 12:27:19,916 - INFO - Logging stopped: C:\Users\graha\Desktop\DoNotDelete\GitHub\SarcnetMiniSatelliteTrackerMK1\Core\SarcnetMiniSatelliteTrackerMK1\SourceCode\Code_Authers\Custom_ProjectSourceCode\Nathan-Busse\DevTools\Tools\MagneticDeclinationCalculator\logs\rotator7_raw_20260516_122718.csv
2026-05-16 12:30:58,099 - INFO - Connected to COM5 @ 9600
2026-05-16 12:31:08,477 - DEBUG - Sent: b
2026-05-16 12:31:21,449 - DEBUG - Sent: a
2026-05-16 12:31:28,393 - DEBUG - Sent: m
2026-05-16 12:31:30,880 - DEBUG - Sent: a
2026-05-16 12:31:37,234 - DEBUG - Sent: c
2026-05-16 12:31:43,537 - DEBUG - Sent: a
2026-05-16 12:32:23,521 - DEBUG - Sent: X
2026-05-16 12:32:25,284 - DEBUG - Sent: a
2026-05-16 12:33:12,222 - DEBUG - Sent: b
2026-05-16 12:33:22,413 - DEBUG - Sent: p
2026-05-16 12:33:29,527 - DEBUG - Sent: m
2026-05-16 12:33:46,421 - DEBUG - Sent: b
2026-05-16 12:34:15,177 - DEBUG - Sent: a
2026-05-16 12:34:19,501 - DEBUG - Sent: m
2026-05-16 12:35:42,346 - DEBUG - Sent: a
2026-05-16 12:58:43,395 - DEBUG - Sent: e-20.73
2026-05-16 12:59:03,252 - DEBUG - Sent: s
2026-05-16 12:59:24,128 - DEBUG - Sent: e-20.73
2026-05-16 12:59:32,149 - DEBUG - Sent: s
2026-05-16 13:01:28,601 - INFO - Disconnected
2026-05-16 14:10:38,853 - INFO - Connected to COM5 @ 9600
2026-05-16 14:10:43,609 - DEBUG - Sent: h
2026-05-16 14:10:52,286 - INFO - Disconnected
2026-05-16 14:12:49,305 - INFO - Connected to COM5 @ 9600
2026-05-16 14:12:57,779 - DEBUG - Sent: h
2026-05-16 14:13:32,717 - DEBUG - Sent: e-20.73
2026-05-16 14:13:44,624 - DEBUG - Sent: s
2026-05-16 14:14:06,146 - INFO - Disconnected
2026-05-16 14:14:06,211 - WARNING - Serial connection lost
2026-05-16 14:15:17,774 - INFO - Connected to COM5 @ 9600
2026-05-16 14:15:32,225 - DEBUG - Sent: h
2026-05-16 14:15:41,630 - DEBUG - Sent: e-20.73
2026-05-16 14:15:50,385 - DEBUG - Sent: s
2026-05-16 14:16:03,058 - DEBUG - Sent: r
2026-05-16 14:16:14,725 - INFO - Disconnected
2026-05-16 14:16:14,786 - WARNING - Serial connection lost
2026-05-16 14:18:07,855 - INFO - Connected to COM5 @ 9600
2026-05-16 14:18:12,878 - DEBUG - Sent: h
2026-05-16 14:18:22,144 - DEBUG - Sent: e-20.73
2026-05-16 14:18:26,714 - DEBUG - Sent: s
2026-05-16 14:18:37,563 - DEBUG - Sent: r
2026-05-16 14:18:59,086 - DEBUG - Sent: c
2026-05-16 14:21:11,197 - DEBUG - Sent: s
2026-05-16 14:21:17,713 - DEBUG - Sent: r
2026-05-16 14:21:36,622 - DEBUG - Sent: m
2026-05-16 14:21:46,366 - DEBUG - Sent: a
2026-05-16 14:22:22,366 - WARNING - Serial connection lost
2026-05-16 14:25:33,284 - INFO - Connected to COM5 @ 9600
2026-05-16 14:25:43,888 - INFO - Disconnected
2026-05-16 14:25:44,044 - WARNING - Serial connection lost
2026-05-16 14:25:45,686 - INFO - Connected to COM5 @ 9600
2026-05-16 14:25:51,170 - DEBUG - Sent: h
2026-05-16 14:26:03,648 - DEBUG - Sent: c
2026-05-16 14:27:24,574 - DEBUG - Sent: s
2026-05-16 14:27:27,358 - DEBUG - Sent: r
2026-05-16 14:27:31,539 - DEBUG - Sent: m
2026-05-16 14:31:20,050 - INFO - Disconnected
2026-05-16 14:33:50,987 - INFO - Connected to COM5 @ 9600
2026-05-16 14:34:04,649 - DEBUG - Sent: m
2026-05-16 14:37:47,480 - DEBUG - Sent: a
2026-05-16 14:37:53,214 - INFO - Disconnected
2026-05-16 14:37:53,409 - WARNING - Serial connection lost
2026-05-16 14:38:54,614 - INFO - Connected to COM5 @ 9600
2026-05-16 14:40:52,535 - DEBUG - Sent: a
2026-05-16 14:41:12,075 - DEBUG - Sent: h
2026-05-16 14:45:51,577 - INFO - Disconnected
2026-05-16 14:45:51,807 - WARNING - Serial connection lost
2026-05-16 14:58:54,910 - INFO - Connected to COM5 @ 9600
2026-05-16 14:59:08,510 - DEBUG - Sent: h
2026-05-16 14:59:43,874 - DEBUG - Sent: e-20.73
2026-05-16 14:59:47,762 - DEBUG - Sent: s
2026-05-16 14:59:56,817 - DEBUG - Sent: r
2026-05-16 15:00:22,070 - DEBUG - Sent: m
2026-05-16 15:00:58,444 - DEBUG - Sent: a
2026-05-16 15:01:23,274 - INFO - Disconnected
2026-05-16 15:01:23,278 - WARNING - Serial connection lost
2026-05-16 15:02:00,682 - INFO - Connected to COM5 @ 9600
2026-05-16 15:02:06,435 - DEBUG - Sent: h
2026-05-16 15:02:19,830 - DEBUG - Sent: e-20.73
2026-05-16 15:02:24,602 - DEBUG - Sent: s
2026-05-16 15:03:42,403 - INFO - Disconnected
2026-05-16 15:03:42,600 - WARNING - Serial connection lost
2026-05-16 15:04:44,143 - INFO - Connected to COM5 @ 9600
2026-05-16 15:04:58,138 - DEBUG - Sent: h
2026-05-16 16:14:12,797 - DEBUG - Sent: m
2026-05-16 16:14:52,905 - DEBUG - Sent: a
2026-05-16 16:15:26,245 - DEBUG - Sent: c
2026-05-16 16:17:11,188 - DEBUG - Sent: s
2026-05-16 16:17:19,397 - DEBUG - Sent: r
2026-05-16 16:17:36,636 - INFO - Disconnected
2026-05-16 16:17:36,988 - WARNING - Serial connection lost
2026-05-16 17:12:04,394 - INFO - Connected to COM5 @ 9600
2026-05-16 17:12:09,212 - DEBUG - Sent: h
2026-05-16 17:12:28,974 - DEBUG - Sent: e-20.73
2026-05-16 17:12:32,528 - DEBUG - Sent: s
2026-05-16 17:13:00,371 - DEBUG - Sent: c
2026-05-16 17:16:43,062 - DEBUG - Sent: s
2026-05-16 17:16:50,432 - DEBUG - Sent: r
2026-05-16 17:17:01,558 - DEBUG - Sent: m
2026-05-16 17:17:11,853 - DEBUG - Sent: a
2026-05-16 17:17:53,884 - DEBUG - Sent: m
2026-05-16 17:18:01,589 - DEBUG - Sent: a
2026-05-16 17:18:09,776 - DEBUG - Sent: c
2026-05-16 17:19:56,651 - DEBUG - Sent: a
2026-05-16 17:20:52,540 - INFO - Disconnected
2026-05-16 17:36:16,549 - INFO - Connected to COM5 @ 9600
2026-05-16 17:36:24,489 - DEBUG - Sent: h
2026-05-16 17:36:37,524 - DEBUG - Sent: e-20.73
2026-05-16 17:36:41,062 - DEBUG - Sent: s
2026-05-16 17:37:01,522 - DEBUG - Sent: c
2026-05-16 17:39:56,320 - DEBUG - Sent: s
2026-05-16 17:39:59,873 - DEBUG - Sent: r
2026-05-16 17:40:04,444 - DEBUG - Sent: m
2026-05-16 17:40:17,883 - DEBUG - Sent: a
2026-05-16 17:40:26,057 - DEBUG - Sent: c
2026-05-16 17:41:10,764 - DEBUG - Sent: s
2026-05-16 17:41:13,000 - DEBUG - Sent: r
2026-05-16 17:41:16,385 - DEBUG - Sent: m
2026-05-16 17:41:58,826 - DEBUG - Sent: a
2026-05-16 17:42:22,697 - INFO - Disconnected
2026-05-16 17:42:22,702 - WARNING - Serial connection lost
